Using pre-set license
Built from '2022.3/staging' branch; Version is '2022.3.46f1 (8e9b8558c41a) revision 9345925'; Using compiler version '192829333'; Build Type 'Release'
OS: 'Windows 11  (10.0.22631) 64bit Core' Language: 'en' Physical Memory: 16171 MB
BatchMode: 1, IsHumanControllingUs: 0, StartBugReporterOnCrash: 0, Is64bit: 1, IsPro: 1

COMMAND LINE ARGUMENTS:
C:\Program Files\Unity\Hub\Editor\2022.3.46f1\Editor\Unity.exe
-adb2
-batchMode
-noUpm
-name
AssetImportWorker2
-projectPath
D:/Мої роботи (my works)/A TUD university/1 IMM/Final Project
-logFile
Logs/AssetImportWorker2.log
-srvPort
55270
Successfully changed project path to: D:/Мої роботи (my works)/A TUD university/1 IMM/Final Project
D:/Мої роботи (my works)/A TUD university/1 IMM/Final Project
[UnityMemory] Configuration Parameters - Can be set up in boot.config
    "memorysetup-bucket-allocator-granularity=16"
    "memorysetup-bucket-allocator-bucket-count=8"
    "memorysetup-bucket-allocator-block-size=33554432"
    "memorysetup-bucket-allocator-block-count=8"
    "memorysetup-main-allocator-block-size=16777216"
    "memorysetup-thread-allocator-block-size=16777216"
    "memorysetup-gfx-main-allocator-block-size=16777216"
    "memorysetup-gfx-thread-allocator-block-size=16777216"
    "memorysetup-cache-allocator-block-size=4194304"
    "memorysetup-typetree-allocator-block-size=2097152"
    "memorysetup-profiler-bucket-allocator-granularity=16"
    "memorysetup-profiler-bucket-allocator-bucket-count=8"
    "memorysetup-profiler-bucket-allocator-block-size=33554432"
    "memorysetup-profiler-bucket-allocator-block-count=8"
    "memorysetup-profiler-allocator-block-size=16777216"
    "memorysetup-profiler-editor-allocator-block-size=1048576"
    "memorysetup-temp-allocator-size-main=16777216"
    "memorysetup-job-temp-allocator-block-size=2097152"
    "memorysetup-job-temp-allocator-block-size-background=1048576"
    "memorysetup-job-temp-allocator-reduction-small-platforms=262144"
    "memorysetup-allocator-temp-initial-block-size-main=262144"
    "memorysetup-allocator-temp-initial-block-size-worker=262144"
    "memorysetup-temp-allocator-size-background-worker=32768"
    "memorysetup-temp-allocator-size-job-worker=262144"
    "memorysetup-temp-allocator-size-preload-manager=33554432"
    "memorysetup-temp-allocator-size-nav-mesh-worker=65536"
    "memorysetup-temp-allocator-size-audio-worker=65536"
    "memorysetup-temp-allocator-size-cloud-worker=32768"
    "memorysetup-temp-allocator-size-gi-baking-worker=262144"
    "memorysetup-temp-allocator-size-gfx=262144"
Player connection [33364]  Target information:

Player connection [33364]  * "[IP] 192.168.56.1 [Port] 0 [Flags] 2 [Guid] 2174178518 [EditorId] 2174178518 [Version] 1048832 [Id] WindowsEditor(7,DESKTOP-0DCBUQV) [Debug] 1 [PackageName] WindowsEditor [ProjectName] Editor" 

Player connection [33364]  * "[IP] 192.168.0.59 [Port] 0 [Flags] 2 [Guid] 2174178518 [EditorId] 2174178518 [Version] 1048832 [Id] WindowsEditor(7,DESKTOP-0DCBUQV) [Debug] 1 [PackageName] WindowsEditor [ProjectName] Editor" 

Player connection [33364] Host joined multi-casting on [225.0.0.222:54997]...
Player connection [33364] Host joined alternative multi-casting on [225.0.0.222:34997]...
[PhysX] Initialized MultithreadedTaskDispatcher with 12 workers.
Refreshing native plugins compatible for Editor in 4.16 ms, found 3 plugins.
Preloading 0 native plugins for Editor in 0.00 ms.
Initialize engine version: 2022.3.46f1 (8e9b8558c41a)
[Subsystems] Discovering subsystems at path C:/Program Files/Unity/Hub/Editor/2022.3.46f1/Editor/Data/Resources/UnitySubsystems
[Subsystems] Discovering subsystems at path D:/Мої роботи (my works)/A TUD university/1 IMM/Final Project/Assets
GfxDevice: creating device client; threaded=0; jobified=0
Direct3D:
    Version:  Direct3D 11.0 [level 11.1]
    Renderer: NVIDIA GeForce GTX 1650 Ti (ID=0x1f95)
    Vendor:   NVIDIA
    VRAM:     3962 MB
    Driver:   30.0.15.1278
Initialize mono
Mono path[0] = 'C:/Program Files/Unity/Hub/Editor/2022.3.46f1/Editor/Data/Managed'
Mono path[1] = 'C:/Program Files/Unity/Hub/Editor/2022.3.46f1/Editor/Data/MonoBleedingEdge/lib/mono/unityjit-win32'
Mono config path = 'C:/Program Files/Unity/Hub/Editor/2022.3.46f1/Editor/Data/MonoBleedingEdge/etc'
Using monoOptions --debugger-agent=transport=dt_socket,embedding=1,server=y,suspend=n,address=127.0.0.1:56572
Begin MonoManager ReloadAssembly
Registering precompiled unity dll's ...
Register platform support module: C:/Program Files/Unity/Hub/Editor/2022.3.46f1/Editor/Data/PlaybackEngines/WebGLSupport/UnityEditor.WebGL.Extensions.dll
Register platform support module: C:/Program Files/Unity/Hub/Editor/2022.3.46f1/Editor/Data/PlaybackEngines/WindowsStandaloneSupport/UnityEditor.WindowsStandalone.Extensions.dll
Registered in 0.005843 seconds.
- Loaded All Assemblies, in  0.306 seconds
Native extension for WindowsStandalone target not found
Native extension for WebGL target not found
Mono: successfully reloaded assembly
- Finished resetting the current domain, in  0.238 seconds
Domain Reload Profiling: 543ms
	BeginReloadAssembly (89ms)
		ExecutionOrderSort (0ms)
		DisableScriptedObjects (0ms)
		BackupInstance (0ms)
		ReleaseScriptingObjects (0ms)
		CreateAndSetChildDomain (1ms)
	RebuildCommonClasses (30ms)
	RebuildNativeTypeToScriptingClass (11ms)
	initialDomainReloadingComplete (48ms)
	LoadAllAssembliesAndSetupDomain (127ms)
		LoadAssemblies (88ms)
		RebuildTransferFunctionScriptingTraits (0ms)
		AnalyzeDomain (125ms)
			TypeCache.Refresh (124ms)
				TypeCache.ScanAssembly (113ms)
			ScanForSourceGeneratedMonoScriptInfo (0ms)
			ResolveRequiredComponents (0ms)
	FinalizeReload (238ms)
		ReleaseScriptCaches (0ms)
		RebuildScriptCaches (0ms)
		SetupLoadedEditorAssemblies (193ms)
			LogAssemblyErrors (0ms)
			InitializePlatformSupportModulesInManaged (9ms)
			SetLoadedEditorAssemblies (5ms)
			RefreshPlugins (0ms)
			BeforeProcessingInitializeOnLoad (2ms)
			ProcessInitializeOnLoadAttributes (135ms)
			ProcessInitializeOnLoadMethodAttributes (41ms)
			AfterProcessingInitializeOnLoad (0ms)
			EditorAssembliesLoaded (0ms)
		ExecutionOrderSort2 (0ms)
		AwakeInstancesAfterBackupRestoration (0ms)
========================================================================
Worker process is ready to serve import requests
Caller must complete domain reload
Begin MonoManager ReloadAssembly
- Loaded All Assemblies, in  0.519 seconds
Native extension for WindowsStandalone target not found
Native extension for WebGL target not found
Package Manager log level set to [2]
[Package Manager] Server::EnsureServerProcessIsRunning -- launch failed, reason: Unity was launched with the -noUpm command-line argument
[Package Manager] UpmClient::Send -- Unable to send message (not connected to UPM process).
[Package Manager] Cannot connect to Unity Package Manager local server
Mono: successfully reloaded assembly
- Finished resetting the current domain, in  0.557 seconds
Domain Reload Profiling: 1074ms
	BeginReloadAssembly (130ms)
		ExecutionOrderSort (0ms)
		DisableScriptedObjects (5ms)
		BackupInstance (0ms)
		ReleaseScriptingObjects (0ms)
		CreateAndSetChildDomain (18ms)
	RebuildCommonClasses (29ms)
	RebuildNativeTypeToScriptingClass (11ms)
	initialDomainReloadingComplete (34ms)
	LoadAllAssembliesAndSetupDomain (314ms)
		LoadAssemblies (212ms)
		RebuildTransferFunctionScriptingTraits (0ms)
		AnalyzeDomain (173ms)
			TypeCache.Refresh (153ms)
				TypeCache.ScanAssembly (140ms)
			ScanForSourceGeneratedMonoScriptInfo (14ms)
			ResolveRequiredComponents (5ms)
	FinalizeReload (557ms)
		ReleaseScriptCaches (0ms)
		RebuildScriptCaches (0ms)
		SetupLoadedEditorAssemblies (426ms)
			LogAssemblyErrors (0ms)
			InitializePlatformSupportModulesInManaged (6ms)
			SetLoadedEditorAssemblies (4ms)
			RefreshPlugins (0ms)
			BeforeProcessingInitializeOnLoad (56ms)
			ProcessInitializeOnLoadAttributes (337ms)
			ProcessInitializeOnLoadMethodAttributes (19ms)
			AfterProcessingInitializeOnLoad (5ms)
			EditorAssembliesLoaded (0ms)
		ExecutionOrderSort2 (0ms)
		AwakeInstancesAfterBackupRestoration (6ms)
Launched and connected shader compiler UnityShaderCompiler.exe after 0.03 seconds
Refreshing native plugins compatible for Editor in 2.01 ms, found 3 plugins.
Preloading 0 native plugins for Editor in 0.00 ms.
Unloading 3089 Unused Serialized files (Serialized files now loaded: 0)
Unloading 19 unused Assets / (54.9 KB). Loaded Objects now: 3555.
Memory consumption went from 118.1 MB to 118.0 MB.
Total: 3.391600 ms (FindLiveObjects: 0.360200 ms CreateObjectMapping: 0.262600 ms MarkObjects: 2.647000 ms  DeleteObjects: 0.120600 ms)

AssetImportParameters requested are different than current active one (requested -> active):
  custom:container-demuxer-ogg: 62fdf1f143b41e24485cea50d1cbac27 -> 
  custom:video-codec-MediaFoundation-h265: e54d7ab0439102e2317fc1e4b246158d -> 
  custom:video-decoder-ogg-theora: a1e56fd34408186e4bbccfd4996cb3dc -> 
  custom:framework-win-MediaFoundation: 216162199b28c13a410421893ffa2e32 -> 
  custom:CustomObjectIndexerAttribute: 9a22284fe3817be447336de3de66b15e -> 
  custom:container-demuxer-webm: 4f35f7cbe854078d1ac9338744f61a02 -> 
  custom:container-muxer-webm: aa71ff27fc2769a1b78a27578f13a17b -> 
  custom:video-decoder-webm-vp8: 9c59270c3fd7afecdb556c50c9e8de78 -> 
  custom:SearchIndexIgnoredProperties: e643bd26f0fe6173181afceb89e7c659 -> 
  custom:AudioImporter_EditorPlatform: d09bf68614088b80899f8185d706f6e7 -> 
  custom:video-encoder-webm-vp8: eb34c28f22e8b96e1ab97ce403110664 -> 
  custom:audio-decoder-ogg-vorbis: bf7c407c2cedff20999df2af8eb42d56 -> 
  custom:audio-encoder-webm-vorbis: bf7c407c2cedff20999df2af8eb42d56 -> 
========================================================================
Received Import Request.
  Time since last request: 1572075.791870 seconds.
  path: Assets/Objects_Characters/SimplePeople_Man_RoadWorker_White.prefab
  artifactKey: Guid(02a63df7ef6fd114e86576769413861a) Importer(815301076,1909f56bfc062723c751e8b465ee728b)
Start importing Assets/Objects_Characters/SimplePeople_Man_RoadWorker_White.prefab using Guid(02a63df7ef6fd114e86576769413861a) Importer(815301076,1909f56bfc062723c751e8b465ee728b) [PhysX] Initialized MultithreadedTaskDispatcher with 12 workers.
 -> (artifact id: '879c9ef1623e475b46e943d5109c8e7e') in 0.025514 seconds
Number of updated asset objects reloaded before import = 0
Number of asset objects unloaded after import = 85
========================================================================
Received Import Request.
  Time since last request: 0.385520 seconds.
  path: Assets/Objects_Characters/SimplePeople_Man_RoadWorker_Brown.prefab
  artifactKey: Guid(f6509d7ca128ba64d819332a309231df) Importer(815301076,1909f56bfc062723c751e8b465ee728b)
Start importing Assets/Objects_Characters/SimplePeople_Man_RoadWorker_Brown.prefab using Guid(f6509d7ca128ba64d819332a309231df) Importer(815301076,1909f56bfc062723c751e8b465ee728b) [PhysX] Initialized MultithreadedTaskDispatcher with 12 workers.
 -> (artifact id: '580dfc07b418802c8824010ee9e011d3') in 0.002503 seconds
Number of updated asset objects reloaded before import = 0
Number of asset objects unloaded after import = 85
========================================================================
Received Import Request.
  Time since last request: 0.026821 seconds.
  path: Assets/Objects_Characters/SimplePeople_Man_RoadWorker_Black.prefab
  artifactKey: Guid(05ab7488c9370ff48b4b69590c6f5a7b) Importer(815301076,1909f56bfc062723c751e8b465ee728b)
Start importing Assets/Objects_Characters/SimplePeople_Man_RoadWorker_Black.prefab using Guid(05ab7488c9370ff48b4b69590c6f5a7b) Importer(815301076,1909f56bfc062723c751e8b465ee728b) [PhysX] Initialized MultithreadedTaskDispatcher with 12 workers.
 -> (artifact id: 'e1bf03156d81e747465dc73d5f15a5f6') in 0.002393 seconds
Number of updated asset objects reloaded before import = 0
Number of asset objects unloaded after import = 85
========================================================================
Received Import Request.
  Time since last request: 0.306498 seconds.
  path: Assets/Objects_Characters/SimplePeople_Man_Punk_White.prefab
  artifactKey: Guid(556d2112e25a9ad488ecbd973ac5d945) Importer(815301076,1909f56bfc062723c751e8b465ee728b)
Start importing Assets/Objects_Characters/SimplePeople_Man_Punk_White.prefab using Guid(556d2112e25a9ad488ecbd973ac5d945) Importer(815301076,1909f56bfc062723c751e8b465ee728b) [PhysX] Initialized MultithreadedTaskDispatcher with 12 workers.
 -> (artifact id: 'd76e7b23650b90c4e3abc85aef7721ee') in 0.001830 seconds
Number of updated asset objects reloaded before import = 0
Number of asset objects unloaded after import = 85
========================================================================
Received Import Request.
  Time since last request: 0.017078 seconds.
  path: Assets/Objects_Characters/SimplePeople_Man_Punk_Brown.prefab
  artifactKey: Guid(ae794de2edf128b4998c6f155e679def) Importer(815301076,1909f56bfc062723c751e8b465ee728b)
Start importing Assets/Objects_Characters/SimplePeople_Man_Punk_Brown.prefab using Guid(ae794de2edf128b4998c6f155e679def) Importer(815301076,1909f56bfc062723c751e8b465ee728b) [PhysX] Initialized MultithreadedTaskDispatcher with 12 workers.
 -> (artifact id: '2d209f4c9a79e64386b145ceb353dbe8') in 0.001813 seconds
Number of updated asset objects reloaded before import = 0
Number of asset objects unloaded after import = 85
========================================================================
Received Import Request.
  Time since last request: 0.019695 seconds.
  path: Assets/Objects_Characters/SimplePeople_Man_Punk_Black.prefab
  artifactKey: Guid(4fcc04997dfa0224db9fafb54c1ae7c3) Importer(815301076,1909f56bfc062723c751e8b465ee728b)
Start importing Assets/Objects_Characters/SimplePeople_Man_Punk_Black.prefab using Guid(4fcc04997dfa0224db9fafb54c1ae7c3) Importer(815301076,1909f56bfc062723c751e8b465ee728b) [PhysX] Initialized MultithreadedTaskDispatcher with 12 workers.
 -> (artifact id: '4637b0b7b7b52fe1b444f9d1287e1693') in 0.002035 seconds
Number of updated asset objects reloaded before import = 0
Number of asset objects unloaded after import = 85
========================================================================
Received Import Request.
  Time since last request: 0.290868 seconds.
  path: Assets/Objects_Characters/SimplePeople_Man_Business_White.prefab
  artifactKey: Guid(836ff1278879fb44dafe45362637a9d8) Importer(815301076,1909f56bfc062723c751e8b465ee728b)
Start importing Assets/Objects_Characters/SimplePeople_Man_Business_White.prefab using Guid(836ff1278879fb44dafe45362637a9d8) Importer(815301076,1909f56bfc062723c751e8b465ee728b) [PhysX] Initialized MultithreadedTaskDispatcher with 12 workers.
 -> (artifact id: '72377590d35dc1c050f9867dc38e7d88') in 0.002137 seconds
Number of updated asset objects reloaded before import = 0
Number of asset objects unloaded after import = 85
========================================================================
Received Import Request.
  Time since last request: 0.018678 seconds.
  path: Assets/Objects_Characters/SimplePeople_Man_Business_Brown.prefab
  artifactKey: Guid(8f277e29976261948aa761db4fcf2f07) Importer(815301076,1909f56bfc062723c751e8b465ee728b)
Start importing Assets/Objects_Characters/SimplePeople_Man_Business_Brown.prefab using Guid(8f277e29976261948aa761db4fcf2f07) Importer(815301076,1909f56bfc062723c751e8b465ee728b) [PhysX] Initialized MultithreadedTaskDispatcher with 12 workers.
 -> (artifact id: '5cc7b067c3eb52b06023d04003cef850') in 0.001919 seconds
Number of updated asset objects reloaded before import = 0
Number of asset objects unloaded after import = 85
========================================================================
Received Import Request.
  Time since last request: 0.019693 seconds.
  path: Assets/Objects_Characters/SimplePeople_Man_Business_Black.prefab
  artifactKey: Guid(cd8a3c4ae6c72974a8d43d675563e56e) Importer(815301076,1909f56bfc062723c751e8b465ee728b)
Start importing Assets/Objects_Characters/SimplePeople_Man_Business_Black.prefab using Guid(cd8a3c4ae6c72974a8d43d675563e56e) Importer(815301076,1909f56bfc062723c751e8b465ee728b) [PhysX] Initialized MultithreadedTaskDispatcher with 12 workers.
 -> (artifact id: 'e5547eb4eb079a8436f6558c7fbddb95') in 0.001871 seconds
Number of updated asset objects reloaded before import = 0
Number of asset objects unloaded after import = 85
========================================================================
Received Import Request.
  Time since last request: 22.304545 seconds.
  path: Assets/Objects_Characters/Characters
  artifactKey: Guid(9f0a04559a23083419c7296222d08e68) Importer(815301076,1909f56bfc062723c751e8b465ee728b)
Start importing Assets/Objects_Characters/Characters using Guid(9f0a04559a23083419c7296222d08e68) Importer(815301076,1909f56bfc062723c751e8b465ee728b) [PhysX] Initialized MultithreadedTaskDispatcher with 12 workers.
 -> (artifact id: '805ad130ed143460ca1079832fb2cee1') in 0.000405 seconds
Number of updated asset objects reloaded before import = 0
Number of asset objects unloaded after import = 0
========================================================================
Received Import Request.
  Time since last request: 201.788554 seconds.
  path: Assets/Scripts
  artifactKey: Guid(bcbbd9090c1851449b86e38769627ffe) Importer(815301076,1909f56bfc062723c751e8b465ee728b)
Start importing Assets/Scripts using Guid(bcbbd9090c1851449b86e38769627ffe) Importer(815301076,1909f56bfc062723c751e8b465ee728b) [PhysX] Initialized MultithreadedTaskDispatcher with 12 workers.
 -> (artifact id: '2ed69c205b8669e9368a0d24371b3e7d') in 0.000389 seconds
Number of updated asset objects reloaded before import = 0
Number of asset objects unloaded after import = 0
========================================================================
Received Import Request.
  Time since last request: 13.963122 seconds.
  path: Assets/Characters
  artifactKey: Guid(4c123565fc331a94283e8fde25d02b4a) Importer(815301076,1909f56bfc062723c751e8b465ee728b)
Start importing Assets/Characters using Guid(4c123565fc331a94283e8fde25d02b4a) Importer(815301076,1909f56bfc062723c751e8b465ee728b) [PhysX] Initialized MultithreadedTaskDispatcher with 12 workers.
 -> (artifact id: 'b37e6ca791547c55b686462208fbe05a') in 0.000441 seconds
Number of updated asset objects reloaded before import = 0
Number of asset objects unloaded after import = 0
========================================================================
Received Import Request.
  Time since last request: 52.772998 seconds.
  path: Assets/Characters/SimplePeople_Man_RoadWorker_Black.prefab
  artifactKey: Guid(e95cdbcafad473a4899cba470da4dc66) Importer(815301076,1909f56bfc062723c751e8b465ee728b)
Start importing Assets/Characters/SimplePeople_Man_RoadWorker_Black.prefab using Guid(e95cdbcafad473a4899cba470da4dc66) Importer(815301076,1909f56bfc062723c751e8b465ee728b) [PhysX] Initialized MultithreadedTaskDispatcher with 12 workers.
 -> (artifact id: 'b5fa9965adc53394d6881c3c88d04a77') in 0.002589 seconds
Number of updated asset objects reloaded before import = 0
Number of asset objects unloaded after import = 85
